host: g-c-1-4-04
Building DAG of jobs...
Using shell: /usr/bin/bash
Provided remote nodes: 1
Select jobs to execute...
Execute 1 jobs...

[Mon Jul 28 14:03:23 2025]
rule STAR_paired:
    input: ../../trimmedReads/CB_0004M_150MTX_trimmed_R1.fastq.gz, ../../trimmedReads/CB_0004M_150MTX_trimmed_R2.fastq.gz
    output: ../../starAligned/CB_0004M_150MTX_STAR.bam
    jobid: 0
    reason: Forced execution
    wildcards: sample=CB_0004M_150MTX
    resources: mem_mb=8000, mem_mib=7630, disk_mb=25585, disk_mib=24400, tmpdir=<TBD>, mem_gb=64, time=03:30:00, threads=8
host: g-c-1-4-04
Building DAG of jobs...
Using shell: /usr/bin/bash
Provided cores: 1 (use --cores to define parallelism)
Rules claiming more threads will be scaled down.
Select jobs to execute...
Execute 1 jobs...

[Mon Jul 28 14:03:25 2025]
localrule STAR_paired:
    input: ../../trimmedReads/CB_0004M_150MTX_trimmed_R1.fastq.gz, ../../trimmedReads/CB_0004M_150MTX_trimmed_R2.fastq.gz
    output: ../../starAligned/CB_0004M_150MTX_STAR.bam
    jobid: 0
    reason: Forced execution
    wildcards: sample=CB_0004M_150MTX
    resources: mem_mb=8000, mem_mib=7630, disk_mb=25585, disk_mib=24400, tmpdir=/tmp, mem_gb=64, time=03:30:00, threads=8
	/tgen_labs/jfryer/kolney/tools/miniconda3/envs/chemobrain/bin/STAR-avx2 --runThreadN 8 --genomeDir /tgen_labs/jfryer/projects/references/mouse/refdata-gex-GRCm39-2024-A/star --sjdbGTFfile /tgen_labs/jfryer/projects/references/mouse/refdata-gex-GRCm39-2024-A/genes/genes.gtf --twopassMode Basic --quantMode TranscriptomeSAM GeneCounts --readFilesCommand zcat --readFilesIn ../../trimmedReads/CB_0004M_150MTX_trimmed_R1.fastq.gz ../../trimmedReads/CB_0004M_150MTX_trimmed_R2.fastq.gz --outSAMtype BAM Unsorted --outFileNamePrefix ../../starAligned/CB_0004M_150MTX_STAR.bam
	STAR version: 2.7.11b   compiled: 2025-07-24T03:06:21+0000 :/opt/conda/conda-bld/star_1753326220084/work/source
Jul 28 14:03:26 ..... started STAR run
Jul 28 14:03:26 ..... loading genome

EXITING because of FATAL ERROR: Genome version: 2.7.1a is INCOMPATIBLE with running STAR version: 2.7.11b
SOLUTION: please re-generate genome from scratch with running version of STAR, or with version: 2.7.4a

Jul 28 14:03:26 ...... FATAL ERROR, exiting
RuleException:
CalledProcessError in file "/tgen_labs/jfryer/kolney/chemobrain/scripts/01_processing/Snakefile", line 115:
Command 'set -euo pipefail;  
		STAR --runThreadN 8 --genomeDir /tgen_labs/jfryer/projects/references/mouse/refdata-gex-GRCm39-2024-A/star --sjdbGTFfile /tgen_labs/jfryer/projects/references/mouse/refdata-gex-GRCm39-2024-A/genes/genes.gtf --twopassMode Basic --quantMode TranscriptomeSAM GeneCounts --readFilesCommand zcat --readFilesIn ../../trimmedReads/CB_0004M_150MTX_trimmed_R1.fastq.gz ../../trimmedReads/CB_0004M_150MTX_trimmed_R2.fastq.gz --outSAMtype BAM Unsorted --outFileNamePrefix ../../starAligned/CB_0004M_150MTX_STAR.bam;
		mv ../../starAligned/CB_0004M_150MTX_STAR.bamAligned.out.bam ../../starAligned/CB_0004M_150MTX_STAR.bam' returned non-zero exit status 105.
[Mon Jul 28 14:03:26 2025]
Error in rule STAR_paired:
    message: None
    jobid: 0
    input: ../../trimmedReads/CB_0004M_150MTX_trimmed_R1.fastq.gz, ../../trimmedReads/CB_0004M_150MTX_trimmed_R2.fastq.gz
    output: ../../starAligned/CB_0004M_150MTX_STAR.bam
    shell:
        
		STAR --runThreadN 8 --genomeDir /tgen_labs/jfryer/projects/references/mouse/refdata-gex-GRCm39-2024-A/star --sjdbGTFfile /tgen_labs/jfryer/projects/references/mouse/refdata-gex-GRCm39-2024-A/genes/genes.gtf --twopassMode Basic --quantMode TranscriptomeSAM GeneCounts --readFilesCommand zcat --readFilesIn ../../trimmedReads/CB_0004M_150MTX_trimmed_R1.fastq.gz ../../trimmedReads/CB_0004M_150MTX_trimmed_R2.fastq.gz --outSAMtype BAM Unsorted --outFileNamePrefix ../../starAligned/CB_0004M_150MTX_STAR.bam;
		mv ../../starAligned/CB_0004M_150MTX_STAR.bamAligned.out.bam ../../starAligned/CB_0004M_150MTX_STAR.bam
		
        (command exited with non-zero exit code)
Shutting down, this might take some time.
Exiting because a job execution failed. Look below for error messages
[Mon Jul 28 14:03:26 2025]
Error in rule STAR_paired:
    message: None
    jobid: 0
    input: ../../trimmedReads/CB_0004M_150MTX_trimmed_R1.fastq.gz, ../../trimmedReads/CB_0004M_150MTX_trimmed_R2.fastq.gz
    output: ../../starAligned/CB_0004M_150MTX_STAR.bam
    shell:
        
		STAR --runThreadN 8 --genomeDir /tgen_labs/jfryer/projects/references/mouse/refdata-gex-GRCm39-2024-A/star --sjdbGTFfile /tgen_labs/jfryer/projects/references/mouse/refdata-gex-GRCm39-2024-A/genes/genes.gtf --twopassMode Basic --quantMode TranscriptomeSAM GeneCounts --readFilesCommand zcat --readFilesIn ../../trimmedReads/CB_0004M_150MTX_trimmed_R1.fastq.gz ../../trimmedReads/CB_0004M_150MTX_trimmed_R2.fastq.gz --outSAMtype BAM Unsorted --outFileNamePrefix ../../starAligned/CB_0004M_150MTX_STAR.bam;
		mv ../../starAligned/CB_0004M_150MTX_STAR.bamAligned.out.bam ../../starAligned/CB_0004M_150MTX_STAR.bam
		
        (command exited with non-zero exit code)
Storing output in storage.
WorkflowError:
At least one job did not complete successfully.
srun: error: g-c-1-4-04: task 0: Exited with exit code 1
[Mon Jul 28 14:03:27 2025]
Error in rule STAR_paired:
    message: None
    jobid: 0
    input: ../../trimmedReads/CB_0004M_150MTX_trimmed_R1.fastq.gz, ../../trimmedReads/CB_0004M_150MTX_trimmed_R2.fastq.gz
    output: ../../starAligned/CB_0004M_150MTX_STAR.bam
    shell:
        
		STAR --runThreadN 8 --genomeDir /tgen_labs/jfryer/projects/references/mouse/refdata-gex-GRCm39-2024-A/star --sjdbGTFfile /tgen_labs/jfryer/projects/references/mouse/refdata-gex-GRCm39-2024-A/genes/genes.gtf --twopassMode Basic --quantMode TranscriptomeSAM GeneCounts --readFilesCommand zcat --readFilesIn ../../trimmedReads/CB_0004M_150MTX_trimmed_R1.fastq.gz ../../trimmedReads/CB_0004M_150MTX_trimmed_R2.fastq.gz --outSAMtype BAM Unsorted --outFileNamePrefix ../../starAligned/CB_0004M_150MTX_STAR.bam;
		mv ../../starAligned/CB_0004M_150MTX_STAR.bamAligned.out.bam ../../starAligned/CB_0004M_150MTX_STAR.bam
		
        (command exited with non-zero exit code)
Shutting down, this might take some time.
Exiting because a job execution failed. Look below for error messages
[Mon Jul 28 14:03:27 2025]
Error in rule STAR_paired:
    message: None
    jobid: 0
    input: ../../trimmedReads/CB_0004M_150MTX_trimmed_R1.fastq.gz, ../../trimmedReads/CB_0004M_150MTX_trimmed_R2.fastq.gz
    output: ../../starAligned/CB_0004M_150MTX_STAR.bam
    shell:
        
		STAR --runThreadN 8 --genomeDir /tgen_labs/jfryer/projects/references/mouse/refdata-gex-GRCm39-2024-A/star --sjdbGTFfile /tgen_labs/jfryer/projects/references/mouse/refdata-gex-GRCm39-2024-A/genes/genes.gtf --twopassMode Basic --quantMode TranscriptomeSAM GeneCounts --readFilesCommand zcat --readFilesIn ../../trimmedReads/CB_0004M_150MTX_trimmed_R1.fastq.gz ../../trimmedReads/CB_0004M_150MTX_trimmed_R2.fastq.gz --outSAMtype BAM Unsorted --outFileNamePrefix ../../starAligned/CB_0004M_150MTX_STAR.bam;
		mv ../../starAligned/CB_0004M_150MTX_STAR.bamAligned.out.bam ../../starAligned/CB_0004M_150MTX_STAR.bam
		
        (command exited with non-zero exit code)
Storing output in storage.
WorkflowError:
At least one job did not complete successfully.
